{"/home/travis/build/npmtest/node-npmtest-sanitize-html/test.js":{"path":"/home/travis/build/npmtest/node-npmtest-sanitize-html/test.js","s":{"1":2,"2":2,"3":2,"4":2,"5":2,"6":2,"7":2,"8":1,"9":2,"10":2,"11":1,"12":1,"13":1,"14":1,"15":2,"16":2,"17":2,"18":2,"19":1,"20":1,"21":2,"22":2,"23":2,"24":1,"25":1,"26":1,"27":1,"28":1,"29":1,"30":1,"31":1,"32":1,"33":1,"34":1,"35":1,"36":2,"37":2,"38":1,"39":2,"40":2,"41":1,"42":2,"43":2,"44":1,"45":1,"46":1,"47":1,"48":1},"b":{"1":[2,1,1,1],"2":[1,1,1,1],"3":[1,1],"4":[1,1],"5":[1,1],"6":[1,1],"7":[1,1],"8":[1,1],"9":[1,1,1],"10":[1,1],"11":[1,1],"12":[1,1],"13":[1,1],"14":[1,1],"15":[1,1]},"f":{"1":2,"2":2,"3":2,"4":2,"5":2,"6":1,"7":1,"8":2,"9":2,"10":2,"11":1},"fnMap":{"1":{"name":"(anonymous_1)","line":12,"loc":{"start":{"line":12,"column":1},"end":{"line":12,"column":13}}},"2":{"name":"(anonymous_2)","line":19,"loc":{"start":{"line":19,"column":5},"end":{"line":19,"column":17}}},"3":{"name":"(anonymous_3)","line":23,"loc":{"start":{"line":23,"column":24},"end":{"line":23,"column":36}}},"4":{"name":"(anonymous_4)","line":61,"loc":{"start":{"line":61,"column":5},"end":{"line":61,"column":17}}},"5":{"name":"(anonymous_5)","line":82,"loc":{"start":{"line":82,"column":5},"end":{"line":82,"column":17}}},"6":{"name":"(anonymous_6)","line":102,"loc":{"start":{"line":102,"column":83},"end":{"line":105,"column":10}},"skip":true},"7":{"name":"(anonymous_7)","line":113,"loc":{"start":{"line":113,"column":77},"end":{"line":116,"column":10}},"skip":true},"8":{"name":"(anonymous_8)","line":127,"loc":{"start":{"line":127,"column":77},"end":{"line":130,"column":10}},"skip":true},"9":{"name":"(anonymous_9)","line":138,"loc":{"start":{"line":138,"column":83},"end":{"line":141,"column":10}},"skip":true},"10":{"name":"(anonymous_10)","line":149,"loc":{"start":{"line":149,"column":79},"end":{"line":152,"column":10}},"skip":true},"11":{"name":"(anonymous_11)","line":160,"loc":{"start":{"line":160,"column":75},"end":{"line":163,"column":10}},"skip":true}},"statementMap":{"1":{"start":{"line":12,"column":0},"end":{"line":175,"column":5}},"2":{"start":{"line":14,"column":4},"end":{"line":14,"column":14}},"3":{"start":{"line":19,"column":4},"end":{"line":56,"column":9}},"4":{"start":{"line":21,"column":8},"end":{"line":21,"column":19}},"5":{"start":{"line":23,"column":8},"end":{"line":35,"column":13}},"6":{"start":{"line":24,"column":12},"end":{"line":34,"column":13}},"7":{"start":{"line":25,"column":16},"end":{"line":28,"column":30}},"8":{"start":{"line":30,"column":16},"end":{"line":33,"column":27}},"9":{"start":{"line":37,"column":8},"end":{"line":39,"column":21}},"10":{"start":{"line":40,"column":8},"end":{"line":53,"column":9}},"11":{"start":{"line":43,"column":12},"end":{"line":46,"column":14}},"12":{"start":{"line":47,"column":12},"end":{"line":47,"column":18}},"13":{"start":{"line":50,"column":12},"end":{"line":51,"column":46}},"14":{"start":{"line":52,"column":12},"end":{"line":52,"column":18}},"15":{"start":{"line":55,"column":8},"end":{"line":55,"column":35}},"16":{"start":{"line":61,"column":4},"end":{"line":63,"column":9}},"17":{"start":{"line":62,"column":8},"end":{"line":62,"column":15}},"18":{"start":{"line":64,"column":4},"end":{"line":77,"column":5}},"19":{"start":{"line":70,"column":8},"end":{"line":70,"column":14}},"20":{"start":{"line":76,"column":8},"end":{"line":76,"column":14}},"21":{"start":{"line":82,"column":4},"end":{"line":84,"column":9}},"22":{"start":{"line":83,"column":8},"end":{"line":83,"column":15}},"23":{"start":{"line":85,"column":4},"end":{"line":174,"column":5}},"24":{"start":{"line":92,"column":8},"end":{"line":94,"column":63}},"25":{"start":{"line":95,"column":8},"end":{"line":95,"column":14}},"26":{"start":{"line":102,"column":8},"end":{"line":111,"column":10},"skip":true},"27":{"start":{"line":109,"column":12},"end":{"line":109,"column":55},"skip":true},"28":{"start":{"line":110,"column":12},"end":{"line":110,"column":48},"skip":true},"29":{"start":{"line":113,"column":8},"end":{"line":125,"column":10},"skip":true},"30":{"start":{"line":120,"column":12},"end":{"line":120,"column":76},"skip":true},"31":{"start":{"line":121,"column":12},"end":{"line":121,"column":73},"skip":true},"32":{"start":{"line":122,"column":12},"end":{"line":122,"column":74},"skip":true},"33":{"start":{"line":123,"column":12},"end":{"line":123,"column":25},"skip":true},"34":{"start":{"line":124,"column":12},"end":{"line":124,"column":45},"skip":true},"35":{"start":{"line":127,"column":8},"end":{"line":136,"column":10},"skip":true},"36":{"start":{"line":134,"column":12},"end":{"line":134,"column":25},"skip":true},"37":{"start":{"line":135,"column":12},"end":{"line":135,"column":45},"skip":true},"38":{"start":{"line":138,"column":8},"end":{"line":147,"column":10},"skip":true},"39":{"start":{"line":145,"column":12},"end":{"line":145,"column":25},"skip":true},"40":{"start":{"line":146,"column":12},"end":{"line":146,"column":48},"skip":true},"41":{"start":{"line":149,"column":8},"end":{"line":158,"column":10},"skip":true},"42":{"start":{"line":156,"column":12},"end":{"line":156,"column":25},"skip":true},"43":{"start":{"line":157,"column":12},"end":{"line":157,"column":46},"skip":true},"44":{"start":{"line":160,"column":8},"end":{"line":169,"column":10},"skip":true},"45":{"start":{"line":167,"column":12},"end":{"line":167,"column":94},"skip":true},"46":{"start":{"line":168,"column":12},"end":{"line":168,"column":48},"skip":true},"47":{"start":{"line":172,"column":8},"end":{"line":172,"column":35},"skip":true},"48":{"start":{"line":173,"column":8},"end":{"line":173,"column":14},"skip":true}},"branchMap":{"1":{"line":25,"type":"binary-expr","locations":[{"start":{"line":25,"column":23},"end":{"line":25,"column":62}},{"start":{"line":26,"column":20},"end":{"line":26,"column":70}},{"start":{"line":27,"column":20},"end":{"line":27,"column":71}},{"start":{"line":28,"column":20},"end":{"line":28,"column":29}}]},"2":{"line":30,"type":"binary-expr","locations":[{"start":{"line":30,"column":23},"end":{"line":30,"column":37}},{"start":{"line":31,"column":20},"end":{"line":31,"column":61}},{"start":{"line":32,"column":20},"end":{"line":32,"column":70}},{"start":{"line":33,"column":20},"end":{"line":33,"column":26}}]},"3":{"line":37,"type":"cond-expr","locations":[{"start":{"line":38,"column":14},"end":{"line":38,"column":20}},{"start":{"line":39,"column":14},"end":{"line":39,"column":20}}]},"4":{"line":40,"type":"switch","locations":[{"start":{"line":42,"column":8},"end":{"line":47,"column":18}},{"start":{"line":49,"column":8},"end":{"line":52,"column":18}}]},"5":{"line":44,"type":"binary-expr","locations":[{"start":{"line":44,"column":16},"end":{"line":44,"column":44}},{"start":{"line":44,"column":48},"end":{"line":44,"column":66}}]},"6":{"line":50,"type":"binary-expr","locations":[{"start":{"line":50,"column":21},"end":{"line":50,"column":49}},{"start":{"line":50,"column":53},"end":{"line":50,"column":72}}]},"7":{"line":64,"type":"switch","locations":[{"start":{"line":69,"column":4},"end":{"line":70,"column":14}},{"start":{"line":75,"column":4},"end":{"line":76,"column":14}}]},"8":{"line":85,"type":"switch","locations":[{"start":{"line":90,"column":4},"end":{"line":95,"column":14}},{"start":{"line":101,"column":4},"end":{"line":173,"column":14},"skip":true}]},"9":{"line":92,"type":"binary-expr","locations":[{"start":{"line":92,"column":18},"end":{"line":92,"column":32}},{"start":{"line":93,"column":12},"end":{"line":93,"column":53}},{"start":{"line":94,"column":12},"end":{"line":94,"column":61}}]},"10":{"line":102,"type":"binary-expr","locations":[{"start":{"line":102,"column":45},"end":{"line":102,"column":79},"skip":true},{"start":{"line":102,"column":83},"end":{"line":111,"column":9},"skip":true}]},"11":{"line":113,"type":"binary-expr","locations":[{"start":{"line":113,"column":42},"end":{"line":113,"column":73},"skip":true},{"start":{"line":113,"column":77},"end":{"line":125,"column":9},"skip":true}]},"12":{"line":127,"type":"binary-expr","locations":[{"start":{"line":127,"column":42},"end":{"line":127,"column":73},"skip":true},{"start":{"line":127,"column":77},"end":{"line":136,"column":9},"skip":true}]},"13":{"line":138,"type":"binary-expr","locations":[{"start":{"line":138,"column":45},"end":{"line":138,"column":79},"skip":true},{"start":{"line":138,"column":83},"end":{"line":147,"column":9},"skip":true}]},"14":{"line":149,"type":"binary-expr","locations":[{"start":{"line":149,"column":43},"end":{"line":149,"column":75},"skip":true},{"start":{"line":149,"column":79},"end":{"line":158,"column":9},"skip":true}]},"15":{"line":160,"type":"binary-expr","locations":[{"start":{"line":160,"column":41},"end":{"line":160,"column":71},"skip":true},{"start":{"line":160,"column":75},"end":{"line":169,"column":9},"skip":true}]}},"code":["/* istanbul instrument in package npmtest_sanitize_html */","/*jslint","    bitwise: true,","    browser: true,","    maxerr: 8,","    maxlen: 96,","    node: true,","    nomen: true,","    regexp: true,","    stupid: true","*/","(function () {","    'use strict';","    var local;","","","","    // run shared js-env code - pre-init","    (function () {","        // init local","        local = {};","        // init modeJs","        local.modeJs = (function () {","            try {","                return typeof navigator.userAgent === 'string' &&","                    typeof document.querySelector('body') === 'object' &&","                    typeof XMLHttpRequest.prototype.open === 'function' &&","                    'browser';","            } catch (errorCaughtBrowser) {","                return module.exports &&","                    typeof process.versions.node === 'string' &&","                    typeof require('http').createServer === 'function' &&","                    'node';","            }","        }());","        // init global","        local.global = local.modeJs === 'browser'","            ? window","            : global;","        switch (local.modeJs) {","        // re-init local from window.local","        case 'browser':","            local = local.global.utility2.objectSetDefault(","                local.global.utility2_rollup || local.global.local,","                local.global.utility2","            );","            break;","        // re-init local from example.js","        case 'node':","            local = (local.global.utility2_rollup || require('utility2'))","                .requireExampleJsFromReadme();","            break;","        }","        // export local","        local.global.local = local;","    }());","","","","    // run shared js-env code - function","    (function () {","        return;","    }());","    switch (local.modeJs) {","","","","    // run browser js-env code - function","    case 'browser':","        break;","","","","    // run node js-env code - function","    case 'node':","        break;","    }","","","","    // run shared js-env code - post-init","    (function () {","        return;","    }());","    switch (local.modeJs) {","","","","    // run browser js-env code - post-init","    case 'browser':","        // run tests","        local.nop(local.modeTest &&","            document.querySelector('#testRunButton1') &&","            document.querySelector('#testRunButton1').click());","        break;","","","","    // run node js-env code - post-init","    /* istanbul ignore next */","    case 'node':","        local.testCase_buildApidoc_default = local.testCase_buildApidoc_default || function (","            options,","            onError","        ) {","        /*","         * this function will test buildApidoc's default handling-behavior-behavior","         */","            options = { modulePathList: module.paths };","            local.buildApidoc(options, onError);","        };","","        local.testCase_buildApp_default = local.testCase_buildApp_default || function (","            options,","            onError","        ) {","        /*","         * this function will test buildApp's default handling-behavior-behavior","         */","            local.testCase_buildReadme_default(options, local.onErrorThrow);","            local.testCase_buildLib_default(options, local.onErrorThrow);","            local.testCase_buildTest_default(options, local.onErrorThrow);","            options = [];","            local.buildApp(options, onError);","        };","","        local.testCase_buildLib_default = local.testCase_buildLib_default || function (","            options,","            onError","        ) {","        /*","         * this function will test buildLib's default handling-behavior","         */","            options = {};","            local.buildLib(options, onError);","        };","","        local.testCase_buildReadme_default = local.testCase_buildReadme_default || function (","            options,","            onError","        ) {","        /*","         * this function will test buildReadme's default handling-behavior-behavior","         */","            options = {};","            local.buildReadme(options, onError);","        };","","        local.testCase_buildTest_default = local.testCase_buildTest_default || function (","            options,","            onError","        ) {","        /*","         * this function will test buildTest's default handling-behavior","         */","            options = {};","            local.buildTest(options, onError);","        };","","        local.testCase_webpage_default = local.testCase_webpage_default || function (","            options,","            onError","        ) {","        /*","         * this function will test webpage's default handling-behavior","         */","            options = { modeCoverageMerge: true, url: local.serverLocalHost + '?modeTest=1' };","            local.browserTest(options, onError);","        };","","        // run test-server","        local.testRunServer(local);","        break;","    }","}());",""],"l":{"12":2,"14":2,"19":2,"21":2,"23":2,"24":2,"25":2,"30":1,"37":2,"40":2,"43":1,"47":1,"50":1,"52":1,"55":2,"61":2,"62":2,"64":2,"70":1,"76":1,"82":2,"83":2,"85":2,"92":1,"95":1,"102":1,"109":1,"110":1,"113":1,"120":1,"121":1,"122":1,"123":1,"124":1,"127":1,"134":2,"135":2,"138":1,"145":2,"146":2,"149":1,"156":2,"157":2,"160":1,"167":1,"168":1,"172":1,"173":1}},"/home/travis/build/npmtest/node-npmtest-sanitize-html/lib.npmtest_sanitize_html.js":{"path":"/home/travis/build/npmtest/node-npmtest-sanitize-html/lib.npmtest_sanitize_html.js","s":{"1":2,"2":2,"3":2,"4":2,"5":2,"6":2,"7":2,"8":1,"9":2,"10":2,"11":2,"12":2,"13":1,"14":1,"15":1,"16":1},"b":{"1":[2,1,1,1],"2":[1,1,1,1],"3":[1,1],"4":[2,2],"5":[1,1]},"f":{"1":2,"2":2,"3":2},"fnMap":{"1":{"name":"(anonymous_1)","line":12,"loc":{"start":{"line":12,"column":1},"end":{"line":12,"column":13}}},"2":{"name":"(anonymous_2)","line":19,"loc":{"start":{"line":19,"column":5},"end":{"line":19,"column":17}}},"3":{"name":"(anonymous_3)","line":23,"loc":{"start":{"line":23,"column":24},"end":{"line":23,"column":36}}}},"statementMap":{"1":{"start":{"line":12,"column":0},"end":{"line":53,"column":5}},"2":{"start":{"line":14,"column":4},"end":{"line":14,"column":14}},"3":{"start":{"line":19,"column":4},"end":{"line":52,"column":9}},"4":{"start":{"line":21,"column":8},"end":{"line":21,"column":19}},"5":{"start":{"line":23,"column":8},"end":{"line":35,"column":13}},"6":{"start":{"line":24,"column":12},"end":{"line":34,"column":13}},"7":{"start":{"line":25,"column":16},"end":{"line":28,"column":30}},"8":{"start":{"line":30,"column":16},"end":{"line":33,"column":27}},"9":{"start":{"line":37,"column":8},"end":{"line":39,"column":21}},"10":{"start":{"line":41,"column":8},"end":{"line":41,"column":54}},"11":{"start":{"line":43,"column":8},"end":{"line":43,"column":58}},"12":{"start":{"line":45,"column":8},"end":{"line":51,"column":9}},"13":{"start":{"line":46,"column":12},"end":{"line":46,"column":64}},"14":{"start":{"line":48,"column":12},"end":{"line":48,"column":35}},"15":{"start":{"line":49,"column":12},"end":{"line":49,"column":49}},"16":{"start":{"line":50,"column":12},"end":{"line":50,"column":43}}},"branchMap":{"1":{"line":25,"type":"binary-expr","locations":[{"start":{"line":25,"column":23},"end":{"line":25,"column":62}},{"start":{"line":26,"column":20},"end":{"line":26,"column":70}},{"start":{"line":27,"column":20},"end":{"line":27,"column":71}},{"start":{"line":28,"column":20},"end":{"line":28,"column":29}}]},"2":{"line":30,"type":"binary-expr","locations":[{"start":{"line":30,"column":23},"end":{"line":30,"column":37}},{"start":{"line":31,"column":20},"end":{"line":31,"column":61}},{"start":{"line":32,"column":20},"end":{"line":32,"column":70}},{"start":{"line":33,"column":20},"end":{"line":33,"column":26}}]},"3":{"line":37,"type":"cond-expr","locations":[{"start":{"line":38,"column":14},"end":{"line":38,"column":20}},{"start":{"line":39,"column":14},"end":{"line":39,"column":20}}]},"4":{"line":41,"type":"binary-expr","locations":[{"start":{"line":41,"column":16},"end":{"line":41,"column":44}},{"start":{"line":41,"column":48},"end":{"line":41,"column":53}}]},"5":{"line":45,"type":"if","locations":[{"start":{"line":45,"column":8},"end":{"line":45,"column":8}},{"start":{"line":45,"column":8},"end":{"line":45,"column":8}}]}},"code":["/* istanbul instrument in package npmtest_sanitize_html */","/*jslint","    bitwise: true,","    browser: true,","    maxerr: 8,","    maxlen: 96,","    node: true,","    nomen: true,","    regexp: true,","    stupid: true","*/","(function () {","    'use strict';","    var local;","","","","    // run shared js-env code - pre-init","    (function () {","        // init local","        local = {};","        // init modeJs","        local.modeJs = (function () {","            try {","                return typeof navigator.userAgent === 'string' &&","                    typeof document.querySelector('body') === 'object' &&","                    typeof XMLHttpRequest.prototype.open === 'function' &&","                    'browser';","            } catch (errorCaughtBrowser) {","                return module.exports &&","                    typeof process.versions.node === 'string' &&","                    typeof require('http').createServer === 'function' &&","                    'node';","            }","        }());","        // init global","        local.global = local.modeJs === 'browser'","            ? window","            : global;","        // init utility2_rollup","        local = local.global.utility2_rollup || local;","        // init lib","        local.local = local.npmtest_sanitize_html = local;","        // init exports","        if (local.modeJs === 'browser') {","            local.global.utility2_npmtest_sanitize_html = local;","        } else {","            module.exports = local;","            module.exports.__dirname = __dirname;","            module.exports.module = module;","        }","    }());","}());",""],"l":{"12":2,"14":2,"19":2,"21":2,"23":2,"24":2,"25":2,"30":1,"37":2,"41":2,"43":2,"45":2,"46":1,"48":1,"49":1,"50":1}},"/home/travis/build/npmtest/node-npmtest-sanitize-html/example.js":{"path":"/home/travis/build/npmtest/node-npmtest-sanitize-html/example.js","s":{"1":2,"2":2,"3":2,"4":2,"5":2,"6":2,"7":2,"8":1,"9":2,"10":2,"11":2,"12":2,"13":1,"14":2,"15":2,"16":2,"17":2,"18":2,"19":0,"20":2,"21":1,"22":1,"23":1,"24":1,"25":1,"26":0,"27":0,"28":1,"29":1,"30":2,"31":0,"32":0,"33":0,"34":1,"35":2,"36":2,"37":2,"38":2,"39":2,"40":2,"41":0,"42":2,"43":2,"44":2,"45":1,"46":3,"47":1,"48":1,"49":1,"50":1,"51":1,"52":1,"53":1,"54":1,"55":1,"56":1,"57":0,"58":1,"59":6,"60":6,"61":1,"62":2,"63":0,"64":2,"65":1,"66":1,"67":0,"68":0,"69":0,"70":0,"71":0,"72":0,"73":0,"74":0,"75":0,"76":0,"77":0,"78":0,"79":0,"80":0,"81":0,"82":0,"83":0},"b":{"1":[2,1,1,1],"2":[1,1,1,1],"3":[1,1],"4":[2,2],"5":[1,1],"6":[1,1],"7":[2,0],"8":[2,1,1,1,1,1],"9":[0,2,0],"10":[1,1],"11":[2,1,1],"12":[1,0],"13":[0,2],"14":[2,0,0,0,0,0,0],"15":[0,2],"16":[2,0],"17":[1,1],"18":[0,1],"19":[1,2,0,2],"20":[1,0],"21":[1,1],"22":[0,0],"23":[0,0],"24":[0,0],"25":[0,0],"26":[0,0],"27":[0,0],"28":[0,0]},"f":{"1":2,"2":2,"3":2,"4":2,"5":2,"6":2,"7":2,"8":2,"9":3,"10":1,"11":6,"12":0},"fnMap":{"1":{"name":"(anonymous_1)","line":26,"loc":{"start":{"line":26,"column":1},"end":{"line":26,"column":13}}},"2":{"name":"(anonymous_2)","line":33,"loc":{"start":{"line":33,"column":5},"end":{"line":33,"column":17}}},"3":{"name":"(anonymous_3)","line":37,"loc":{"start":{"line":37,"column":24},"end":{"line":37,"column":36}}},"4":{"name":"(anonymous_4)","line":69,"loc":{"start":{"line":69,"column":31},"end":{"line":69,"column":48}},"skip":true},"5":{"name":"(anonymous_5)","line":78,"loc":{"start":{"line":78,"column":26},"end":{"line":78,"column":45}},"skip":true},"6":{"name":"(anonymous_6)","line":123,"loc":{"start":{"line":123,"column":33},"end":{"line":123,"column":48}},"skip":true},"7":{"name":"(anonymous_7)","line":125,"loc":{"start":{"line":125,"column":27},"end":{"line":125,"column":39}},"skip":true},"8":{"name":"(anonymous_8)","line":133,"loc":{"start":{"line":133,"column":59},"end":{"line":133,"column":74}},"skip":true},"9":{"name":"(anonymous_9)","line":143,"loc":{"start":{"line":143,"column":45},"end":{"line":143,"column":62}},"skip":true},"10":{"name":"(anonymous_10)","line":144,"loc":{"start":{"line":144,"column":73},"end":{"line":144,"column":92}},"skip":true},"11":{"name":"(anonymous_11)","line":272,"loc":{"start":{"line":272,"column":51},"end":{"line":272,"column":77}},"skip":true},"12":{"name":"(anonymous_12)","line":314,"loc":{"start":{"line":314,"column":32},"end":{"line":314,"column":61}},"skip":true}},"statementMap":{"1":{"start":{"line":26,"column":0},"end":{"line":325,"column":5}},"2":{"start":{"line":28,"column":4},"end":{"line":28,"column":14}},"3":{"start":{"line":33,"column":4},"end":{"line":60,"column":9}},"4":{"start":{"line":35,"column":8},"end":{"line":35,"column":19}},"5":{"start":{"line":37,"column":8},"end":{"line":49,"column":13}},"6":{"start":{"line":38,"column":12},"end":{"line":48,"column":13}},"7":{"start":{"line":39,"column":16},"end":{"line":42,"column":30}},"8":{"start":{"line":44,"column":16},"end":{"line":47,"column":27}},"9":{"start":{"line":51,"column":8},"end":{"line":53,"column":21}},"10":{"start":{"line":55,"column":8},"end":{"line":57,"column":45}},"11":{"start":{"line":59,"column":8},"end":{"line":59,"column":35}},"12":{"start":{"line":61,"column":4},"end":{"line":324,"column":5}},"13":{"start":{"line":69,"column":8},"end":{"line":121,"column":10},"skip":true},"14":{"start":{"line":70,"column":12},"end":{"line":88,"column":13},"skip":true},"15":{"start":{"line":76,"column":16},"end":{"line":87,"column":19},"skip":true},"16":{"start":{"line":79,"column":20},"end":{"line":86,"column":21},"skip":true},"17":{"start":{"line":82,"column":24},"end":{"line":82,"column":43},"skip":true},"18":{"start":{"line":83,"column":24},"end":{"line":83,"column":30},"skip":true},"19":{"start":{"line":85,"column":24},"end":{"line":85,"column":49},"skip":true},"20":{"start":{"line":89,"column":12},"end":{"line":107,"column":13},"skip":true},"21":{"start":{"line":92,"column":16},"end":{"line":102,"column":17},"skip":true},"22":{"start":{"line":93,"column":20},"end":{"line":93,"column":86},"skip":true},"23":{"start":{"line":94,"column":20},"end":{"line":95,"column":45},"skip":true},"24":{"start":{"line":96,"column":20},"end":{"line":96,"column":42},"skip":true},"25":{"start":{"line":97,"column":20},"end":{"line":97,"column":48},"skip":true},"26":{"start":{"line":100,"column":20},"end":{"line":100,"column":85},"skip":true},"27":{"start":{"line":101,"column":20},"end":{"line":101,"column":96},"skip":true},"28":{"start":{"line":103,"column":16},"end":{"line":103,"column":22},"skip":true},"29":{"start":{"line":106,"column":16},"end":{"line":106,"column":22},"skip":true},"30":{"start":{"line":108,"column":12},"end":{"line":120,"column":13},"skip":true},"31":{"start":{"line":114,"column":16},"end":{"line":119,"column":17},"skip":true},"32":{"start":{"line":116,"column":20},"end":{"line":116,"column":78},"skip":true},"33":{"start":{"line":118,"column":20},"end":{"line":118,"column":53},"skip":true},"34":{"start":{"line":123,"column":8},"end":{"line":141,"column":11},"skip":true},"35":{"start":{"line":124,"column":12},"end":{"line":124,"column":54},"skip":true},"36":{"start":{"line":125,"column":12},"end":{"line":140,"column":14},"skip":true},"37":{"start":{"line":126,"column":16},"end":{"line":126,"column":28},"skip":true},"38":{"start":{"line":127,"column":16},"end":{"line":127,"column":69},"skip":true},"39":{"start":{"line":128,"column":16},"end":{"line":128,"column":75},"skip":true},"40":{"start":{"line":129,"column":16},"end":{"line":131,"column":17},"skip":true},"41":{"start":{"line":130,"column":20},"end":{"line":130,"column":27},"skip":true},"42":{"start":{"line":133,"column":16},"end":{"line":137,"column":36},"skip":true},"43":{"start":{"line":134,"column":20},"end":{"line":136,"column":55},"skip":true},"44":{"start":{"line":139,"column":16},"end":{"line":139,"column":57},"skip":true},"45":{"start":{"line":143,"column":8},"end":{"line":147,"column":11},"skip":true},"46":{"start":{"line":144,"column":12},"end":{"line":146,"column":15},"skip":true},"47":{"start":{"line":145,"column":16},"end":{"line":145,"column":70},"skip":true},"48":{"start":{"line":149,"column":8},"end":{"line":149,"column":31},"skip":true},"49":{"start":{"line":150,"column":8},"end":{"line":150,"column":14},"skip":true},"50":{"start":{"line":158,"column":8},"end":{"line":158,"column":31},"skip":true},"51":{"start":{"line":160,"column":8},"end":{"line":160,"column":33},"skip":true},"52":{"start":{"line":161,"column":8},"end":{"line":161,"column":37},"skip":true},"53":{"start":{"line":162,"column":8},"end":{"line":162,"column":35},"skip":true},"54":{"start":{"line":164,"column":8},"end":{"line":164,"column":50},"skip":true},"55":{"start":{"line":166,"column":8},"end":{"line":256,"column":2},"skip":true},"56":{"start":{"line":258,"column":8},"end":{"line":286,"column":9},"skip":true},"57":{"start":{"line":259,"column":12},"end":{"line":269,"column":14},"skip":true},"58":{"start":{"line":271,"column":12},"end":{"line":285,"column":19},"skip":true},"59":{"start":{"line":274,"column":20},"end":{"line":274,"column":35},"skip":true},"60":{"start":{"line":275,"column":20},"end":{"line":284,"column":21},"skip":true},"61":{"start":{"line":277,"column":24},"end":{"line":277,"column":64},"skip":true},"62":{"start":{"line":279,"column":24},"end":{"line":279,"column":40},"skip":true},"63":{"start":{"line":281,"column":24},"end":{"line":281,"column":40},"skip":true},"64":{"start":{"line":283,"column":24},"end":{"line":283,"column":39},"skip":true},"65":{"start":{"line":288,"column":8},"end":{"line":290,"column":9},"skip":true},"66":{"start":{"line":289,"column":12},"end":{"line":289,"column":18},"skip":true},"67":{"start":{"line":291,"column":8},"end":{"line":293,"column":54},"skip":true},"68":{"start":{"line":294,"column":8},"end":{"line":301,"column":37},"skip":true},"69":{"start":{"line":302,"column":8},"end":{"line":302,"column":82},"skip":true},"70":{"start":{"line":305,"column":8},"end":{"line":307,"column":9},"skip":true},"71":{"start":{"line":306,"column":12},"end":{"line":306,"column":82},"skip":true},"72":{"start":{"line":309,"column":8},"end":{"line":311,"column":9},"skip":true},"73":{"start":{"line":310,"column":12},"end":{"line":310,"column":18},"skip":true},"74":{"start":{"line":312,"column":8},"end":{"line":312,"column":54},"skip":true},"75":{"start":{"line":313,"column":8},"end":{"line":313,"column":69},"skip":true},"76":{"start":{"line":314,"column":8},"end":{"line":322,"column":36},"skip":true},"77":{"start":{"line":315,"column":12},"end":{"line":315,"column":61},"skip":true},"78":{"start":{"line":316,"column":12},"end":{"line":319,"column":13},"skip":true},"79":{"start":{"line":317,"column":16},"end":{"line":317,"column":75},"skip":true},"80":{"start":{"line":318,"column":16},"end":{"line":318,"column":23},"skip":true},"81":{"start":{"line":320,"column":12},"end":{"line":320,"column":38},"skip":true},"82":{"start":{"line":321,"column":12},"end":{"line":321,"column":27},"skip":true},"83":{"start":{"line":323,"column":8},"end":{"line":323,"column":14},"skip":true}},"branchMap":{"1":{"line":39,"type":"binary-expr","locations":[{"start":{"line":39,"column":23},"end":{"line":39,"column":62}},{"start":{"line":40,"column":20},"end":{"line":40,"column":70}},{"start":{"line":41,"column":20},"end":{"line":41,"column":71}},{"start":{"line":42,"column":20},"end":{"line":42,"column":29}}]},"2":{"line":44,"type":"binary-expr","locations":[{"start":{"line":44,"column":23},"end":{"line":44,"column":37}},{"start":{"line":45,"column":20},"end":{"line":45,"column":61}},{"start":{"line":46,"column":20},"end":{"line":46,"column":70}},{"start":{"line":47,"column":20},"end":{"line":47,"column":26}}]},"3":{"line":51,"type":"cond-expr","locations":[{"start":{"line":52,"column":14},"end":{"line":52,"column":20}},{"start":{"line":53,"column":14},"end":{"line":53,"column":20}}]},"4":{"line":55,"type":"binary-expr","locations":[{"start":{"line":55,"column":16},"end":{"line":55,"column":44}},{"start":{"line":55,"column":49},"end":{"line":57,"column":43}}]},"5":{"line":55,"type":"cond-expr","locations":[{"start":{"line":56,"column":14},"end":{"line":56,"column":57}},{"start":{"line":57,"column":14},"end":{"line":57,"column":43}}]},"6":{"line":61,"type":"switch","locations":[{"start":{"line":68,"column":4},"end":{"line":150,"column":14},"skip":true},{"start":{"line":156,"column":4},"end":{"line":323,"column":14},"skip":true}]},"7":{"line":70,"type":"if","locations":[{"start":{"line":70,"column":12},"end":{"line":70,"column":12},"skip":true},{"start":{"line":70,"column":12},"end":{"line":70,"column":12},"skip":true}]},"8":{"line":70,"type":"binary-expr","locations":[{"start":{"line":70,"column":16},"end":{"line":70,"column":22},"skip":true},{"start":{"line":70,"column":27},"end":{"line":70,"column":32},"skip":true},{"start":{"line":71,"column":20},"end":{"line":71,"column":39},"skip":true},{"start":{"line":72,"column":20},"end":{"line":72,"column":49},"skip":true},{"start":{"line":73,"column":20},"end":{"line":73,"column":58},"skip":true},{"start":{"line":74,"column":20},"end":{"line":74,"column":69},"skip":true}]},"9":{"line":79,"type":"switch","locations":[{"start":{"line":80,"column":20},"end":{"line":80,"column":33},"skip":true},{"start":{"line":81,"column":20},"end":{"line":83,"column":30},"skip":true},{"start":{"line":84,"column":20},"end":{"line":85,"column":49},"skip":true}]},"10":{"line":89,"type":"switch","locations":[{"start":{"line":90,"column":12},"end":{"line":103,"column":22},"skip":true},{"start":{"line":105,"column":12},"end":{"line":106,"column":22},"skip":true}]},"11":{"line":89,"type":"binary-expr","locations":[{"start":{"line":89,"column":20},"end":{"line":89,"column":25},"skip":true},{"start":{"line":89,"column":29},"end":{"line":89,"column":48},"skip":true},{"start":{"line":89,"column":52},"end":{"line":89,"column":74},"skip":true}]},"12":{"line":92,"type":"if","locations":[{"start":{"line":92,"column":16},"end":{"line":92,"column":16},"skip":true},{"start":{"line":92,"column":16},"end":{"line":92,"column":16},"skip":true}]},"13":{"line":108,"type":"if","locations":[{"start":{"line":108,"column":12},"end":{"line":108,"column":12},"skip":true},{"start":{"line":108,"column":12},"end":{"line":108,"column":12},"skip":true}]},"14":{"line":108,"type":"binary-expr","locations":[{"start":{"line":108,"column":16},"end":{"line":108,"column":61},"skip":true},{"start":{"line":108,"column":66},"end":{"line":108,"column":72},"skip":true},{"start":{"line":108,"column":77},"end":{"line":108,"column":82},"skip":true},{"start":{"line":109,"column":20},"end":{"line":109,"column":39},"skip":true},{"start":{"line":110,"column":20},"end":{"line":110,"column":49},"skip":true},{"start":{"line":111,"column":20},"end":{"line":111,"column":58},"skip":true},{"start":{"line":112,"column":20},"end":{"line":112,"column":68},"skip":true}]},"15":{"line":129,"type":"if","locations":[{"start":{"line":129,"column":16},"end":{"line":129,"column":16},"skip":true},{"start":{"line":129,"column":16},"end":{"line":129,"column":16},"skip":true}]},"16":{"line":134,"type":"cond-expr","locations":[{"start":{"line":135,"column":26},"end":{"line":135,"column":29},"skip":true},{"start":{"line":136,"column":26},"end":{"line":136,"column":54},"skip":true}]},"17":{"line":164,"type":"binary-expr","locations":[{"start":{"line":164,"column":27},"end":{"line":164,"column":43},"skip":true},{"start":{"line":164,"column":47},"end":{"line":164,"column":49},"skip":true}]},"18":{"line":258,"type":"if","locations":[{"start":{"line":258,"column":8},"end":{"line":258,"column":8},"skip":true},{"start":{"line":258,"column":8},"end":{"line":258,"column":8},"skip":true}]},"19":{"line":275,"type":"switch","locations":[{"start":{"line":276,"column":20},"end":{"line":277,"column":64},"skip":true},{"start":{"line":278,"column":20},"end":{"line":279,"column":40},"skip":true},{"start":{"line":280,"column":20},"end":{"line":281,"column":40},"skip":true},{"start":{"line":282,"column":20},"end":{"line":283,"column":39},"skip":true}]},"20":{"line":288,"type":"if","locations":[{"start":{"line":288,"column":8},"end":{"line":288,"column":8},"skip":true},{"start":{"line":288,"column":8},"end":{"line":288,"column":8},"skip":true}]},"21":{"line":288,"type":"binary-expr","locations":[{"start":{"line":288,"column":12},"end":{"line":288,"column":40},"skip":true},{"start":{"line":288,"column":44},"end":{"line":288,"column":67},"skip":true}]},"22":{"line":292,"type":"binary-expr","locations":[{"start":{"line":292,"column":12},"end":{"line":292,"column":50},"skip":true},{"start":{"line":293,"column":12},"end":{"line":293,"column":53},"skip":true}]},"23":{"line":295,"type":"binary-expr","locations":[{"start":{"line":295,"column":12},"end":{"line":295,"column":71},"skip":true},{"start":{"line":296,"column":12},"end":{"line":301,"column":36},"skip":true}]},"24":{"line":302,"type":"binary-expr","locations":[{"start":{"line":302,"column":43},"end":{"line":302,"column":75},"skip":true},{"start":{"line":302,"column":79},"end":{"line":302,"column":81},"skip":true}]},"25":{"line":305,"type":"if","locations":[{"start":{"line":305,"column":8},"end":{"line":305,"column":8},"skip":true},{"start":{"line":305,"column":8},"end":{"line":305,"column":8},"skip":true}]},"26":{"line":309,"type":"if","locations":[{"start":{"line":309,"column":8},"end":{"line":309,"column":8},"skip":true},{"start":{"line":309,"column":8},"end":{"line":309,"column":8},"skip":true}]},"27":{"line":312,"type":"binary-expr","locations":[{"start":{"line":312,"column":27},"end":{"line":312,"column":43},"skip":true},{"start":{"line":312,"column":47},"end":{"line":312,"column":53},"skip":true}]},"28":{"line":316,"type":"if","locations":[{"start":{"line":316,"column":12},"end":{"line":316,"column":12},"skip":true},{"start":{"line":316,"column":12},"end":{"line":316,"column":12},"skip":true}]}},"code":["/*","example.js","","quickstart example","","instruction","    1. save this script as example.js","    2. run the shell command:","        $ npm install npmtest-sanitize-html && PORT=8081 node example.js","    3. play with the browser-demo on http://127.0.0.1:8081","*/","","","","/* istanbul instrument in package npmtest_sanitize_html */","/*jslint","    bitwise: true,","    browser: true,","    maxerr: 8,","    maxlen: 96,","    node: true,","    nomen: true,","    regexp: true,","    stupid: true","*/","(function () {","    'use strict';","    var local;","","","","    // run shared js-env code - pre-init","    (function () {","        // init local","        local = {};","        // init modeJs","        local.modeJs = (function () {","            try {","                return typeof navigator.userAgent === 'string' &&","                    typeof document.querySelector('body') === 'object' &&","                    typeof XMLHttpRequest.prototype.open === 'function' &&","                    'browser';","            } catch (errorCaughtBrowser) {","                return module.exports &&","                    typeof process.versions.node === 'string' &&","                    typeof require('http').createServer === 'function' &&","                    'node';","            }","        }());","        // init global","        local.global = local.modeJs === 'browser'","            ? window","            : global;","        // init utility2_rollup","        local = local.global.utility2_rollup || (local.modeJs === 'browser'","            ? local.global.utility2_npmtest_sanitize_html","            : global.utility2_moduleExports);","        // export local","        local.global.local = local;","    }());","    switch (local.modeJs) {","","","","    // post-init","    // run browser js-env code - post-init","    /* istanbul ignore next */","    case 'browser':","        local.testRunBrowser = function (event) {","            if (!event || (event &&","                    event.currentTarget &&","                    event.currentTarget.className &&","                    event.currentTarget.className.includes &&","                    event.currentTarget.className.includes('onreset'))) {","                // reset output","                Array.from(","                    document.querySelectorAll('body > .resettable')","                ).forEach(function (element) {","                    switch (element.tagName) {","                    case 'INPUT':","                    case 'TEXTAREA':","                        element.value = '';","                        break;","                    default:","                        element.textContent = '';","                    }","                });","            }","            switch (event && event.currentTarget && event.currentTarget.id) {","            case 'testRunButton1':","                // show tests","                if (document.querySelector('#testReportDiv1').style.display === 'none') {","                    document.querySelector('#testReportDiv1').style.display = 'block';","                    document.querySelector('#testRunButton1').textContent =","                        'hide internal test';","                    local.modeTest = true;","                    local.testRunDefault(local);","                // hide tests","                } else {","                    document.querySelector('#testReportDiv1').style.display = 'none';","                    document.querySelector('#testRunButton1').textContent = 'run internal test';","                }","                break;","            // custom-case","            default:","                break;","            }","            if (document.querySelector('#inputTextareaEval1') && (!event || (event &&","                    event.currentTarget &&","                    event.currentTarget.className &&","                    event.currentTarget.className.includes &&","                    event.currentTarget.className.includes('oneval')))) {","                // try to eval input-code","                try {","                    /*jslint evil: true*/","                    eval(document.querySelector('#inputTextareaEval1').value);","                } catch (errorCaught) {","                    console.error(errorCaught.stack);","                }","            }","        };","        // log stderr and stdout to #outputTextareaStdout1","        ['error', 'log'].forEach(function (key) {","            console[key + '_original'] = console[key];","            console[key] = function () {","                var element;","                console[key + '_original'].apply(console, arguments);","                element = document.querySelector('#outputTextareaStdout1');","                if (!element) {","                    return;","                }","                // append text to #outputTextareaStdout1","                element.value += Array.from(arguments).map(function (arg) {","                    return typeof arg === 'string'","                        ? arg","                        : JSON.stringify(arg, null, 4);","                }).join(' ') + '\\n';","                // scroll textarea to bottom","                element.scrollTop = element.scrollHeight;","            };","        });","        // init event-handling","        ['change', 'click', 'keyup'].forEach(function (event) {","            Array.from(document.querySelectorAll('.on' + event)).forEach(function (element) {","                element.addEventListener(event, local.testRunBrowser);","            });","        });","        // run tests","        local.testRunBrowser();","        break;","","","","    // run node js-env code - post-init","    /* istanbul ignore next */","    case 'node':","        // export local","        module.exports = local;","        // require modules","        local.fs = require('fs');","        local.http = require('http');","        local.url = require('url');","        // init assets","        local.assetsDict = local.assetsDict || {};","        /* jslint-ignore-begin */","        local.assetsDict['/assets.index.template.html'] = '\\","<!doctype html>\\n\\","<html lang=\"en\">\\n\\","<head>\\n\\","<meta charset=\"UTF-8\">\\n\\","<meta name=\"viewport\" content=\"width=device-width, initial-scale=1\">\\n\\","<title>{{env.npm_package_name}} (v{{env.npm_package_version}})</title>\\n\\","<style>\\n\\","/*csslint\\n\\","    box-sizing: false,\\n\\","    universal-selector: false\\n\\","*/\\n\\","* {\\n\\","    box-sizing: border-box;\\n\\","}\\n\\","body {\\n\\","    background: #dde;\\n\\","    font-family: Arial, Helvetica, sans-serif;\\n\\","    margin: 2rem;\\n\\","}\\n\\","body > * {\\n\\","    margin-bottom: 1rem;\\n\\","}\\n\\",".utility2FooterDiv {\\n\\","    margin-top: 20px;\\n\\","    text-align: center;\\n\\","}\\n\\","</style>\\n\\","<style>\\n\\","/*csslint\\n\\","*/\\n\\","textarea {\\n\\","    font-family: monospace;\\n\\","    height: 10rem;\\n\\","    width: 100%;\\n\\","}\\n\\","textarea[readonly] {\\n\\","    background: #ddd;\\n\\","}\\n\\","</style>\\n\\","</head>\\n\\","<body>\\n\\","<!-- utility2-comment\\n\\","<div id=\"ajaxProgressDiv1\" style=\"background: #d00; height: 2px; left: 0; margin: 0; padding: 0; position: fixed; top: 0; transition: background 0.5s, width 1.5s; width: 25%;\"></div>\\n\\","utility2-comment -->\\n\\","<h1>\\n\\","<!-- utility2-comment\\n\\","    <a\\n\\","        {{#if env.npm_package_homepage}}\\n\\","        href=\"{{env.npm_package_homepage}}\"\\n\\","        {{/if env.npm_package_homepage}}\\n\\","        target=\"_blank\"\\n\\","    >\\n\\","utility2-comment -->\\n\\","        {{env.npm_package_name}} (v{{env.npm_package_version}})\\n\\","<!-- utility2-comment\\n\\","    </a>\\n\\","utility2-comment -->\\n\\","</h1>\\n\\","<h3>{{env.npm_package_description}}</h3>\\n\\","<!-- utility2-comment\\n\\","<h4><a download href=\"assets.app.js\">download standalone app</a></h4>\\n\\","<button class=\"onclick onreset\" id=\"testRunButton1\">run internal test</button><br>\\n\\","<div id=\"testReportDiv1\" style=\"display: none;\"></div>\\n\\","utility2-comment -->\\n\\","\\n\\","\\n\\","\\n\\","<label>stderr and stdout</label>\\n\\","<textarea class=\"resettable\" id=\"outputTextareaStdout1\" readonly></textarea>\\n\\","<!-- utility2-comment\\n\\","{{#if isRollup}}\\n\\","<script src=\"assets.app.js\"></script>\\n\\","{{#unless isRollup}}\\n\\","utility2-comment -->\\n\\","<script src=\"assets.utility2.rollup.js\"></script>\\n\\","<script src=\"jsonp.utility2._stateInit?callback=window.utility2._stateInit\"></script>\\n\\","<script src=\"assets.npmtest_sanitize_html.rollup.js\"></script>\\n\\","<script src=\"assets.example.js\"></script>\\n\\","<script src=\"assets.test.js\"></script>\\n\\","<!-- utility2-comment\\n\\","{{/if isRollup}}\\n\\","utility2-comment -->\\n\\","<div class=\"utility2FooterDiv\">\\n\\","    [ this app was created with\\n\\","    <a href=\"https://github.com/kaizhu256/node-utility2\" target=\"_blank\">utility2</a>\\n\\","    ]\\n\\","</div>\\n\\","</body>\\n\\","</html>\\n\\","';","        /* jslint-ignore-end */","        if (local.templateRender) {","            local.assetsDict['/'] = local.templateRender(","                local.assetsDict['/assets.index.template.html'],","                {","                    env: local.objectSetDefault(local.env, {","                        npm_package_description: 'the greatest app in the world!',","                        npm_package_name: 'my-app',","                        npm_package_nameAlias: 'my_app',","                        npm_package_version: '0.0.1'","                    })","                }","            );","        } else {","            local.assetsDict['/'] = local.assetsDict['/assets.index.template.html']","                .replace((/\\{\\{env\\.(\\w+?)\\}\\}/g), function (match0, match1) {","                    // jslint-hack","                    String(match0);","                    switch (match1) {","                    case 'npm_package_description':","                        return 'the greatest app in the world!';","                    case 'npm_package_name':","                        return 'my-app';","                    case 'npm_package_nameAlias':","                        return 'my_app';","                    case 'npm_package_version':","                        return '0.0.1';","                    }","                });","        }","        // run the cli","        if (local.global.utility2_rollup || module !== require.main) {","            break;","        }","        local.assetsDict['/assets.example.js'] =","            local.assetsDict['/assets.example.js'] ||","            local.fs.readFileSync(__filename, 'utf8');","        local.assetsDict['/assets.npmtest_sanitize_html.rollup.js'] =","            local.assetsDict['/assets.npmtest_sanitize_html.rollup.js'] ||","            local.fs.readFileSync(","                // buildCustomOrg-hack","                local.npmtest_sanitize_html.__dirname +","                    '/lib.npmtest_sanitize_html.js',","                'utf8'","            ).replace((/^#!/), '//');","        local.assetsDict['/favicon.ico'] = local.assetsDict['/favicon.ico'] || '';","        // if $npm_config_timeout_exit exists,","        // then exit this process after $npm_config_timeout_exit ms","        if (Number(process.env.npm_config_timeout_exit)) {","            setTimeout(process.exit, Number(process.env.npm_config_timeout_exit));","        }","        // start server","        if (local.global.utility2_serverHttp1) {","            break;","        }","        process.env.PORT = process.env.PORT || '8081';","        console.error('server starting on port ' + process.env.PORT);","        local.http.createServer(function (request, response) {","            request.urlParsed = local.url.parse(request.url);","            if (local.assetsDict[request.urlParsed.pathname] !== undefined) {","                response.end(local.assetsDict[request.urlParsed.pathname]);","                return;","            }","            response.statusCode = 404;","            response.end();","        }).listen(process.env.PORT);","        break;","    }","}());",""],"l":{"26":2,"28":2,"33":2,"35":2,"37":2,"38":2,"39":2,"44":1,"51":2,"55":2,"59":2,"61":2,"69":1,"70":2,"76":2,"79":2,"82":2,"83":2,"85":1,"89":2,"92":1,"93":1,"94":1,"96":1,"97":1,"100":1,"101":1,"103":1,"106":1,"108":2,"114":1,"116":1,"118":1,"123":1,"124":2,"125":2,"126":2,"127":2,"128":2,"129":2,"130":1,"133":2,"134":2,"139":2,"143":1,"144":3,"145":1,"149":1,"150":1,"158":1,"160":1,"161":1,"162":1,"164":1,"166":1,"258":1,"259":1,"271":1,"274":6,"275":6,"277":1,"279":2,"281":1,"283":2,"288":1,"289":1,"291":1,"294":1,"302":1,"305":1,"306":1,"309":1,"310":1,"312":1,"313":1,"314":1,"315":1,"316":1,"317":1,"318":1,"320":1,"321":1,"323":1}},"/home/travis/build/npmtest/node-npmtest-sanitize-html/sanitize-html/index.js":{"path":"/home/travis/build/npmtest/node-npmtest-sanitize-html/sanitize-html/index.js","s":{"1":1,"2":1,"3":1,"4":1,"5":0,"6":0,"7":0,"8":1,"9":0,"10":1,"11":1,"12":0,"13":1,"14":0,"15":0,"16":0,"17":0,"18":0,"19":0,"20":0,"21":0,"22":0,"23":0,"24":0,"25":0,"26":0,"27":0,"28":0,"29":0,"30":0,"31":0,"32":0,"33":0,"34":0,"35":0,"36":0,"37":0,"38":0,"39":0,"40":0,"41":0,"42":0,"43":0,"44":0,"45":0,"46":0,"47":0,"48":0,"49":0,"50":0,"51":0,"52":0,"53":0,"54":0,"55":0,"56":0,"57":0,"58":0,"59":0,"60":0,"61":0,"62":0,"63":0,"64":0,"65":0,"66":0,"67":0,"68":0,"69":0,"70":0,"71":0,"72":0,"73":0,"74":0,"75":0,"76":0,"77":0,"78":0,"79":0,"80":0,"81":0,"82":0,"83":0,"84":0,"85":0,"86":0,"87":0,"88":0,"89":0,"90":0,"91":0,"92":0,"93":0,"94":0,"95":0,"96":0,"97":0,"98":0,"99":0,"100":0,"101":0,"102":0,"103":0,"104":0,"105":0,"106":0,"107":0,"108":0,"109":0,"110":0,"111":0,"112":0,"113":0,"114":0,"115":0,"116":0,"117":0,"118":0,"119":0,"120":0,"121":0,"122":0,"123":0,"124":0,"125":0,"126":0,"127":0,"128":0,"129":0,"130":0,"131":0,"132":0,"133":0,"134":0,"135":0,"136":0,"137":0,"138":0,"139":0,"140":0,"141":0,"142":0,"143":0,"144":0,"145":0,"146":0,"147":0,"148":0,"149":0,"150":0,"151":0,"152":0,"153":0,"154":0,"155":0,"156":0,"157":0,"158":0,"159":0,"160":0,"161":0,"162":0,"163":0,"164":0,"165":1,"166":0,"167":0,"168":0,"169":1,"170":0,"171":0,"172":0,"173":0,"174":0,"175":0,"176":0,"177":0,"178":0,"179":0,"180":0,"181":1,"182":0,"183":0,"184":0,"185":0,"186":0,"187":1,"188":1,"189":1,"190":0,"191":0,"192":0,"193":0,"194":0,"195":0,"196":0,"197":0,"198":0},"b":{"1":[0,0],"2":[0,0],"3":[0,0],"4":[0,0],"5":[0,0],"6":[0,0],"7":[0,0],"8":[0,0],"9":[0,0],"10":[0,0],"11":[0,0],"12":[0,0],"13":[0,0],"14":[0,0],"15":[0,0],"16":[0,0],"17":[0,0],"18":[0,0],"19":[0,0],"20":[0,0],"21":[0,0],"22":[0,0],"23":[0,0],"24":[0,0],"25":[0,0],"26":[0,0,0],"27":[0,0],"28":[0,0,0,0,0,0,0,0,0],"29":[0,0],"30":[0,0],"31":[0,0],"32":[0,0],"33":[0,0],"34":[0,0],"35":[0,0],"36":[0,0],"37":[0,0,0],"38":[0,0],"39":[0,0],"40":[0,0],"41":[0,0],"42":[0,0],"43":[0,0],"44":[0,0],"45":[0,0],"46":[0,0],"47":[0,0],"48":[0,0],"49":[0,0],"50":[0,0],"51":[0,0],"52":[0,0],"53":[0,0],"54":[0,0],"55":[0,0],"56":[0,0],"57":[0,0],"58":[0,0],"59":[0,0],"60":[0,0],"61":[0,0]},"f":{"1":0,"2":0,"3":0,"4":0,"5":0,"6":0,"7":0,"8":0,"9":0,"10":0,"11":0,"12":0,"13":0,"14":0,"15":0,"16":0,"17":0,"18":0,"19":0,"20":0},"fnMap":{"1":{"name":"each","line":5,"loc":{"start":{"line":5,"column":0},"end":{"line":5,"column":23}}},"2":{"name":"(anonymous_2)","line":6,"loc":{"start":{"line":6,"column":36},"end":{"line":6,"column":51}}},"3":{"name":"has","line":12,"loc":{"start":{"line":12,"column":0},"end":{"line":12,"column":23}}},"4":{"name":"sanitizeHtml","line":22,"loc":{"start":{"line":22,"column":0},"end":{"line":22,"column":49}}},"5":{"name":"Frame","line":25,"loc":{"start":{"line":25,"column":2},"end":{"line":25,"column":31}}},"6":{"name":"(anonymous_6)","line":32,"loc":{"start":{"line":32,"column":32},"end":{"line":32,"column":43}}},"7":{"name":"(anonymous_7)","line":62,"loc":{"start":{"line":62,"column":36},"end":{"line":62,"column":62}}},"8":{"name":"(anonymous_8)","line":65,"loc":{"start":{"line":65,"column":25},"end":{"line":65,"column":40}}},"9":{"name":"(anonymous_9)","line":76,"loc":{"start":{"line":76,"column":31},"end":{"line":76,"column":54}}},"10":{"name":"(anonymous_10)","line":90,"loc":{"start":{"line":90,"column":30},"end":{"line":90,"column":55}}},"11":{"name":"(anonymous_11)","line":112,"loc":{"start":{"line":112,"column":15},"end":{"line":112,"column":39}}},"12":{"name":"(anonymous_12)","line":162,"loc":{"start":{"line":162,"column":22},"end":{"line":162,"column":41}}},"13":{"name":"(anonymous_13)","line":199,"loc":{"start":{"line":199,"column":12},"end":{"line":199,"column":27}}},"14":{"name":"(anonymous_14)","line":231,"loc":{"start":{"line":231,"column":16},"end":{"line":231,"column":31}}},"15":{"name":"escapeHtml","line":280,"loc":{"start":{"line":280,"column":2},"end":{"line":280,"column":25}}},"16":{"name":"naughtyHref","line":287,"loc":{"start":{"line":287,"column":2},"end":{"line":287,"column":35}}},"17":{"name":"filterClasses","line":316,"loc":{"start":{"line":316,"column":2},"end":{"line":316,"column":43}}},"18":{"name":"(anonymous_18)","line":322,"loc":{"start":{"line":322,"column":26},"end":{"line":322,"column":41}}},"19":{"name":"(anonymous_19)","line":352,"loc":{"start":{"line":352,"column":31},"end":{"line":352,"column":71}}},"20":{"name":"(anonymous_20)","line":356,"loc":{"start":{"line":356,"column":9},"end":{"line":356,"column":36}}}},"statementMap":{"1":{"start":{"line":1,"column":0},"end":{"line":1,"column":40}},"2":{"start":{"line":2,"column":0},"end":{"line":2,"column":30}},"3":{"start":{"line":3,"column":0},"end":{"line":3,"column":42}},"4":{"start":{"line":5,"column":0},"end":{"line":9,"column":1}},"5":{"start":{"line":6,"column":2},"end":{"line":8,"column":5}},"6":{"start":{"line":6,"column":11},"end":{"line":8,"column":5}},"7":{"start":{"line":7,"column":4},"end":{"line":7,"column":22}},"8":{"start":{"line":12,"column":0},"end":{"line":14,"column":1}},"9":{"start":{"line":13,"column":2},"end":{"line":13,"column":44}},"10":{"start":{"line":16,"column":0},"end":{"line":16,"column":30}},"11":{"start":{"line":22,"column":0},"end":{"line":326,"column":1}},"12":{"start":{"line":23,"column":2},"end":{"line":23,"column":18}},"13":{"start":{"line":25,"column":2},"end":{"line":38,"column":3}},"14":{"start":{"line":26,"column":4},"end":{"line":26,"column":20}},"15":{"start":{"line":27,"column":4},"end":{"line":27,"column":19}},"16":{"start":{"line":28,"column":4},"end":{"line":28,"column":33}},"17":{"start":{"line":29,"column":4},"end":{"line":29,"column":37}},"18":{"start":{"line":30,"column":4},"end":{"line":30,"column":19}},"19":{"start":{"line":32,"column":4},"end":{"line":37,"column":6}},"20":{"start":{"line":33,"column":6},"end":{"line":36,"column":7}},"21":{"start":{"line":34,"column":10},"end":{"line":34,"column":52}},"22":{"start":{"line":35,"column":10},"end":{"line":35,"column":40}},"23":{"start":{"line":40,"column":2},"end":{"line":50,"column":3}},"24":{"start":{"line":41,"column":4},"end":{"line":41,"column":36}},"25":{"start":{"line":42,"column":4},"end":{"line":42,"column":40}},"26":{"start":{"line":44,"column":4},"end":{"line":44,"column":53}},"27":{"start":{"line":45,"column":4},"end":{"line":49,"column":5}},"28":{"start":{"line":46,"column":6},"end":{"line":46,"column":66}},"29":{"start":{"line":48,"column":6},"end":{"line":48,"column":42}},"30":{"start":{"line":56,"column":2},"end":{"line":56,"column":82}},"31":{"start":{"line":57,"column":2},"end":{"line":57,"column":27}},"32":{"start":{"line":58,"column":2},"end":{"line":58,"column":31}},"33":{"start":{"line":59,"column":2},"end":{"line":74,"column":3}},"34":{"start":{"line":60,"column":4},"end":{"line":60,"column":30}},"35":{"start":{"line":61,"column":4},"end":{"line":61,"column":34}},"36":{"start":{"line":62,"column":4},"end":{"line":73,"column":7}},"37":{"start":{"line":63,"column":6},"end":{"line":63,"column":37}},"38":{"start":{"line":64,"column":6},"end":{"line":64,"column":25}},"39":{"start":{"line":65,"column":6},"end":{"line":71,"column":9}},"40":{"start":{"line":66,"column":8},"end":{"line":70,"column":9}},"41":{"start":{"line":67,"column":10},"end":{"line":67,"column":67}},"42":{"start":{"line":69,"column":10},"end":{"line":69,"column":47}},"43":{"start":{"line":72,"column":6},"end":{"line":72,"column":84}},"44":{"start":{"line":75,"column":2},"end":{"line":75,"column":29}},"45":{"start":{"line":76,"column":2},"end":{"line":86,"column":5}},"46":{"start":{"line":78,"column":4},"end":{"line":83,"column":5}},"47":{"start":{"line":79,"column":6},"end":{"line":81,"column":7}},"48":{"start":{"line":80,"column":8},"end":{"line":80,"column":39}},"49":{"start":{"line":82,"column":6},"end":{"line":82,"column":46}},"50":{"start":{"line":85,"column":4},"end":{"line":85,"column":37}},"51":{"start":{"line":88,"column":2},"end":{"line":88,"column":28}},"52":{"start":{"line":89,"column":2},"end":{"line":89,"column":23}},"53":{"start":{"line":90,"column":2},"end":{"line":102,"column":5}},"54":{"start":{"line":91,"column":4},"end":{"line":91,"column":17}},"55":{"start":{"line":92,"column":4},"end":{"line":96,"column":5}},"56":{"start":{"line":93,"column":6},"end":{"line":93,"column":27}},"57":{"start":{"line":94,"column":11},"end":{"line":96,"column":5}},"58":{"start":{"line":95,"column":6},"end":{"line":95,"column":57}},"59":{"start":{"line":97,"column":4},"end":{"line":101,"column":5}},"60":{"start":{"line":98,"column":6},"end":{"line":98,"column":34}},"61":{"start":{"line":100,"column":6},"end":{"line":100,"column":39}},"62":{"start":{"line":104,"column":2},"end":{"line":104,"column":16}},"63":{"start":{"line":105,"column":2},"end":{"line":105,"column":17}},"64":{"start":{"line":106,"column":2},"end":{"line":106,"column":19}},"65":{"start":{"line":107,"column":2},"end":{"line":107,"column":24}},"66":{"start":{"line":108,"column":2},"end":{"line":108,"column":23}},"67":{"start":{"line":109,"column":2},"end":{"line":109,"column":24}},"68":{"start":{"line":111,"column":2},"end":{"line":274,"column":21}},"69":{"start":{"line":113,"column":6},"end":{"line":116,"column":7}},"70":{"start":{"line":114,"column":8},"end":{"line":114,"column":24}},"71":{"start":{"line":115,"column":8},"end":{"line":115,"column":15}},"72":{"start":{"line":117,"column":6},"end":{"line":117,"column":43}},"73":{"start":{"line":118,"column":6},"end":{"line":118,"column":24}},"74":{"start":{"line":120,"column":6},"end":{"line":120,"column":23}},"75":{"start":{"line":121,"column":6},"end":{"line":121,"column":46}},"76":{"start":{"line":122,"column":6},"end":{"line":122,"column":25}},"77":{"start":{"line":123,"column":6},"end":{"line":136,"column":7}},"78":{"start":{"line":124,"column":8},"end":{"line":124,"column":63}},"79":{"start":{"line":126,"column":8},"end":{"line":126,"column":57}},"80":{"start":{"line":128,"column":8},"end":{"line":130,"column":9}},"81":{"start":{"line":129,"column":10},"end":{"line":129,"column":48}},"82":{"start":{"line":132,"column":8},"end":{"line":135,"column":9}},"83":{"start":{"line":133,"column":10},"end":{"line":133,"column":53}},"84":{"start":{"line":134,"column":10},"end":{"line":134,"column":55}},"85":{"start":{"line":137,"column":6},"end":{"line":145,"column":7}},"86":{"start":{"line":138,"column":8},"end":{"line":138,"column":57}},"87":{"start":{"line":140,"column":8},"end":{"line":140,"column":57}},"88":{"start":{"line":141,"column":8},"end":{"line":144,"column":9}},"89":{"start":{"line":142,"column":10},"end":{"line":142,"column":53}},"90":{"start":{"line":143,"column":10},"end":{"line":143,"column":55}},"91":{"start":{"line":147,"column":6},"end":{"line":154,"column":7}},"92":{"start":{"line":148,"column":8},"end":{"line":148,"column":20}},"93":{"start":{"line":149,"column":8},"end":{"line":152,"column":9}},"94":{"start":{"line":150,"column":10},"end":{"line":150,"column":26}},"95":{"start":{"line":151,"column":10},"end":{"line":151,"column":28}},"96":{"start":{"line":153,"column":8},"end":{"line":153,"column":30}},"97":{"start":{"line":155,"column":6},"end":{"line":155,"column":14}},"98":{"start":{"line":156,"column":6},"end":{"line":159,"column":7}},"99":{"start":{"line":158,"column":8},"end":{"line":158,"column":15}},"100":{"start":{"line":160,"column":6},"end":{"line":160,"column":27}},"101":{"start":{"line":161,"column":6},"end":{"line":189,"column":7}},"102":{"start":{"line":162,"column":8},"end":{"line":188,"column":11}},"103":{"start":{"line":163,"column":10},"end":{"line":187,"column":11}},"104":{"start":{"line":168,"column":12},"end":{"line":173,"column":13}},"105":{"start":{"line":169,"column":14},"end":{"line":172,"column":15}},"106":{"start":{"line":170,"column":16},"end":{"line":170,"column":40}},"107":{"start":{"line":171,"column":16},"end":{"line":171,"column":23}},"108":{"start":{"line":174,"column":12},"end":{"line":180,"column":13}},"109":{"start":{"line":175,"column":14},"end":{"line":175,"column":68}},"110":{"start":{"line":176,"column":14},"end":{"line":179,"column":15}},"111":{"start":{"line":177,"column":16},"end":{"line":177,"column":40}},"112":{"start":{"line":178,"column":16},"end":{"line":178,"column":23}},"113":{"start":{"line":181,"column":12},"end":{"line":181,"column":30}},"114":{"start":{"line":182,"column":12},"end":{"line":184,"column":13}},"115":{"start":{"line":183,"column":14},"end":{"line":183,"column":55}},"116":{"start":{"line":186,"column":12},"end":{"line":186,"column":36}},"117":{"start":{"line":190,"column":6},"end":{"line":197,"column":7}},"118":{"start":{"line":191,"column":8},"end":{"line":191,"column":24}},"119":{"start":{"line":193,"column":8},"end":{"line":193,"column":22}},"120":{"start":{"line":194,"column":8},"end":{"line":196,"column":9}},"121":{"start":{"line":195,"column":10},"end":{"line":195,"column":36}},"122":{"start":{"line":200,"column":6},"end":{"line":202,"column":7}},"123":{"start":{"line":201,"column":8},"end":{"line":201,"column":15}},"124":{"start":{"line":203,"column":6},"end":{"line":203,"column":44}},"125":{"start":{"line":204,"column":6},"end":{"line":204,"column":14}},"126":{"start":{"line":206,"column":6},"end":{"line":210,"column":7}},"127":{"start":{"line":207,"column":8},"end":{"line":207,"column":28}},"128":{"start":{"line":209,"column":8},"end":{"line":209,"column":78}},"129":{"start":{"line":212,"column":6},"end":{"line":225,"column":7}},"130":{"start":{"line":217,"column":8},"end":{"line":217,"column":23}},"131":{"start":{"line":219,"column":8},"end":{"line":219,"column":39}},"132":{"start":{"line":220,"column":8},"end":{"line":224,"column":9}},"133":{"start":{"line":221,"column":10},"end":{"line":221,"column":48}},"134":{"start":{"line":223,"column":10},"end":{"line":223,"column":28}},"135":{"start":{"line":226,"column":6},"end":{"line":229,"column":7}},"136":{"start":{"line":227,"column":11},"end":{"line":227,"column":47}},"137":{"start":{"line":228,"column":11},"end":{"line":228,"column":30}},"138":{"start":{"line":233,"column":6},"end":{"line":240,"column":7}},"139":{"start":{"line":234,"column":8},"end":{"line":234,"column":24}},"140":{"start":{"line":235,"column":8},"end":{"line":239,"column":9}},"141":{"start":{"line":236,"column":10},"end":{"line":236,"column":27}},"142":{"start":{"line":238,"column":10},"end":{"line":238,"column":17}},"143":{"start":{"line":242,"column":6},"end":{"line":242,"column":30}},"144":{"start":{"line":243,"column":6},"end":{"line":246,"column":7}},"145":{"start":{"line":245,"column":8},"end":{"line":245,"column":15}},"146":{"start":{"line":247,"column":6},"end":{"line":247,"column":23}},"147":{"start":{"line":248,"column":6},"end":{"line":248,"column":14}},"148":{"start":{"line":249,"column":6},"end":{"line":253,"column":7}},"149":{"start":{"line":250,"column":8},"end":{"line":250,"column":30}},"150":{"start":{"line":251,"column":8},"end":{"line":251,"column":37}},"151":{"start":{"line":252,"column":8},"end":{"line":252,"column":15}},"152":{"start":{"line":255,"column":6},"end":{"line":258,"column":7}},"153":{"start":{"line":256,"column":8},"end":{"line":256,"column":35}},"154":{"start":{"line":257,"column":8},"end":{"line":257,"column":35}},"155":{"start":{"line":260,"column":6},"end":{"line":263,"column":7}},"156":{"start":{"line":261,"column":9},"end":{"line":261,"column":54}},"157":{"start":{"line":262,"column":9},"end":{"line":262,"column":16}},"158":{"start":{"line":265,"column":6},"end":{"line":265,"column":35}},"159":{"start":{"line":267,"column":6},"end":{"line":270,"column":7}},"160":{"start":{"line":269,"column":9},"end":{"line":269,"column":16}},"161":{"start":{"line":272,"column":6},"end":{"line":272,"column":34}},"162":{"start":{"line":275,"column":2},"end":{"line":275,"column":21}},"163":{"start":{"line":276,"column":2},"end":{"line":276,"column":15}},"164":{"start":{"line":278,"column":2},"end":{"line":278,"column":16}},"165":{"start":{"line":280,"column":2},"end":{"line":285,"column":3}},"166":{"start":{"line":281,"column":4},"end":{"line":283,"column":5}},"167":{"start":{"line":282,"column":6},"end":{"line":282,"column":17}},"168":{"start":{"line":284,"column":4},"end":{"line":284,"column":107}},"169":{"start":{"line":287,"column":2},"end":{"line":314,"column":3}},"170":{"start":{"line":291,"column":4},"end":{"line":291,"column":45}},"171":{"start":{"line":295,"column":4},"end":{"line":295,"column":49}},"172":{"start":{"line":297,"column":4},"end":{"line":297,"column":47}},"173":{"start":{"line":298,"column":4},"end":{"line":306,"column":5}},"174":{"start":{"line":300,"column":6},"end":{"line":302,"column":7}},"175":{"start":{"line":301,"column":8},"end":{"line":301,"column":46}},"176":{"start":{"line":305,"column":6},"end":{"line":305,"column":19}},"177":{"start":{"line":307,"column":4},"end":{"line":307,"column":42}},"178":{"start":{"line":309,"column":4},"end":{"line":311,"column":5}},"179":{"start":{"line":310,"column":6},"end":{"line":310,"column":70}},"180":{"start":{"line":313,"column":4},"end":{"line":313,"column":84}},"181":{"start":{"line":316,"column":2},"end":{"line":325,"column":3}},"182":{"start":{"line":317,"column":4},"end":{"line":320,"column":5}},"183":{"start":{"line":319,"column":6},"end":{"line":319,"column":21}},"184":{"start":{"line":321,"column":4},"end":{"line":321,"column":35}},"185":{"start":{"line":322,"column":4},"end":{"line":324,"column":17}},"186":{"start":{"line":323,"column":6},"end":{"line":323,"column":42}},"187":{"start":{"line":331,"column":0},"end":{"line":333,"column":2}},"188":{"start":{"line":334,"column":0},"end":{"line":350,"column":2}},"189":{"start":{"line":352,"column":0},"end":{"line":371,"column":2}},"190":{"start":{"line":353,"column":2},"end":{"line":353,"column":47}},"191":{"start":{"line":354,"column":2},"end":{"line":354,"column":32}},"192":{"start":{"line":356,"column":2},"end":{"line":370,"column":4}},"193":{"start":{"line":357,"column":4},"end":{"line":357,"column":15}},"194":{"start":{"line":358,"column":4},"end":{"line":364,"column":5}},"195":{"start":{"line":359,"column":6},"end":{"line":361,"column":7}},"196":{"start":{"line":360,"column":8},"end":{"line":360,"column":45}},"197":{"start":{"line":363,"column":6},"end":{"line":363,"column":27}},"198":{"start":{"line":366,"column":4},"end":{"line":369,"column":6}}},"branchMap":{"1":{"line":6,"type":"if","locations":[{"start":{"line":6,"column":2},"end":{"line":6,"column":2}},{"start":{"line":6,"column":2},"end":{"line":6,"column":2}}]},"2":{"line":28,"type":"binary-expr","locations":[{"start":{"line":28,"column":19},"end":{"line":28,"column":26}},{"start":{"line":28,"column":30},"end":{"line":28,"column":32}}]},"3":{"line":33,"type":"if","locations":[{"start":{"line":33,"column":6},"end":{"line":33,"column":6}},{"start":{"line":33,"column":6},"end":{"line":33,"column":6}}]},"4":{"line":40,"type":"if","locations":[{"start":{"line":40,"column":2},"end":{"line":40,"column":2}},{"start":{"line":40,"column":2},"end":{"line":40,"column":2}}]},"5":{"line":45,"type":"if","locations":[{"start":{"line":45,"column":4},"end":{"line":45,"column":4}},{"start":{"line":45,"column":4},"end":{"line":45,"column":4}}]},"6":{"line":56,"type":"binary-expr","locations":[{"start":{"line":56,"column":25},"end":{"line":56,"column":44}},{"start":{"line":56,"column":48},"end":{"line":56,"column":81}}]},"7":{"line":59,"type":"if","locations":[{"start":{"line":59,"column":2},"end":{"line":59,"column":2}},{"start":{"line":59,"column":2},"end":{"line":59,"column":2}}]},"8":{"line":66,"type":"if","locations":[{"start":{"line":66,"column":8},"end":{"line":66,"column":8}},{"start":{"line":66,"column":8},"end":{"line":66,"column":8}}]},"9":{"line":78,"type":"if","locations":[{"start":{"line":78,"column":4},"end":{"line":78,"column":4}},{"start":{"line":78,"column":4},"end":{"line":78,"column":4}}]},"10":{"line":79,"type":"if","locations":[{"start":{"line":79,"column":6},"end":{"line":79,"column":6}},{"start":{"line":79,"column":6},"end":{"line":79,"column":6}}]},"11":{"line":92,"type":"if","locations":[{"start":{"line":92,"column":4},"end":{"line":92,"column":4}},{"start":{"line":92,"column":4},"end":{"line":92,"column":4}}]},"12":{"line":94,"type":"if","locations":[{"start":{"line":94,"column":11},"end":{"line":94,"column":11}},{"start":{"line":94,"column":11},"end":{"line":94,"column":11}}]},"13":{"line":97,"type":"if","locations":[{"start":{"line":97,"column":4},"end":{"line":97,"column":4}},{"start":{"line":97,"column":4},"end":{"line":97,"column":4}}]},"14":{"line":113,"type":"if","locations":[{"start":{"line":113,"column":6},"end":{"line":113,"column":6}},{"start":{"line":113,"column":6},"end":{"line":113,"column":6}}]},"15":{"line":121,"type":"cond-expr","locations":[{"start":{"line":121,"column":33},"end":{"line":121,"column":37}},{"start":{"line":121,"column":40},"end":{"line":121,"column":45}}]},"16":{"line":123,"type":"if","locations":[{"start":{"line":123,"column":6},"end":{"line":123,"column":6}},{"start":{"line":123,"column":6},"end":{"line":123,"column":6}}]},"17":{"line":128,"type":"if","locations":[{"start":{"line":128,"column":8},"end":{"line":128,"column":8}},{"start":{"line":128,"column":8},"end":{"line":128,"column":8}}]},"18":{"line":132,"type":"if","locations":[{"start":{"line":132,"column":8},"end":{"line":132,"column":8}},{"start":{"line":132,"column":8},"end":{"line":132,"column":8}}]},"19":{"line":137,"type":"if","locations":[{"start":{"line":137,"column":6},"end":{"line":137,"column":6}},{"start":{"line":137,"column":6},"end":{"line":137,"column":6}}]},"20":{"line":141,"type":"if","locations":[{"start":{"line":141,"column":8},"end":{"line":141,"column":8}},{"start":{"line":141,"column":8},"end":{"line":141,"column":8}}]},"21":{"line":147,"type":"if","locations":[{"start":{"line":147,"column":6},"end":{"line":147,"column":6}},{"start":{"line":147,"column":6},"end":{"line":147,"column":6}}]},"22":{"line":147,"type":"binary-expr","locations":[{"start":{"line":147,"column":10},"end":{"line":147,"column":29}},{"start":{"line":147,"column":33},"end":{"line":147,"column":73}}]},"23":{"line":149,"type":"if","locations":[{"start":{"line":149,"column":8},"end":{"line":149,"column":8}},{"start":{"line":149,"column":8},"end":{"line":149,"column":8}}]},"24":{"line":156,"type":"if","locations":[{"start":{"line":156,"column":6},"end":{"line":156,"column":6}},{"start":{"line":156,"column":6},"end":{"line":156,"column":6}}]},"25":{"line":161,"type":"if","locations":[{"start":{"line":161,"column":6},"end":{"line":161,"column":6}},{"start":{"line":161,"column":6},"end":{"line":161,"column":6}}]},"26":{"line":161,"type":"binary-expr","locations":[{"start":{"line":161,"column":10},"end":{"line":161,"column":31}},{"start":{"line":161,"column":35},"end":{"line":161,"column":66}},{"start":{"line":161,"column":70},"end":{"line":161,"column":95}}]},"27":{"line":163,"type":"if","locations":[{"start":{"line":163,"column":10},"end":{"line":163,"column":10}},{"start":{"line":163,"column":10},"end":{"line":163,"column":10}}]},"28":{"line":163,"type":"binary-expr","locations":[{"start":{"line":163,"column":14},"end":{"line":163,"column":35}},{"start":{"line":164,"column":15},"end":{"line":164,"column":46}},{"start":{"line":164,"column":50},"end":{"line":164,"column":94}},{"start":{"line":165,"column":15},"end":{"line":165,"column":40}},{"start":{"line":165,"column":44},"end":{"line":165,"column":87}},{"start":{"line":166,"column":15},"end":{"line":166,"column":50}},{"start":{"line":166,"column":54},"end":{"line":166,"column":92}},{"start":{"line":167,"column":15},"end":{"line":167,"column":44}},{"start":{"line":167,"column":48},"end":{"line":167,"column":85}}]},"29":{"line":168,"type":"if","locations":[{"start":{"line":168,"column":12},"end":{"line":168,"column":12}},{"start":{"line":168,"column":12},"end":{"line":168,"column":12}}]},"30":{"line":168,"type":"binary-expr","locations":[{"start":{"line":168,"column":17},"end":{"line":168,"column":29}},{"start":{"line":168,"column":35},"end":{"line":168,"column":46}}]},"31":{"line":169,"type":"if","locations":[{"start":{"line":169,"column":14},"end":{"line":169,"column":14}},{"start":{"line":169,"column":14},"end":{"line":169,"column":14}}]},"32":{"line":174,"type":"if","locations":[{"start":{"line":174,"column":12},"end":{"line":174,"column":12}},{"start":{"line":174,"column":12},"end":{"line":174,"column":12}}]},"33":{"line":176,"type":"if","locations":[{"start":{"line":176,"column":14},"end":{"line":176,"column":14}},{"start":{"line":176,"column":14},"end":{"line":176,"column":14}}]},"34":{"line":182,"type":"if","locations":[{"start":{"line":182,"column":12},"end":{"line":182,"column":12}},{"start":{"line":182,"column":12},"end":{"line":182,"column":12}}]},"35":{"line":190,"type":"if","locations":[{"start":{"line":190,"column":6},"end":{"line":190,"column":6}},{"start":{"line":190,"column":6},"end":{"line":190,"column":6}}]},"36":{"line":194,"type":"if","locations":[{"start":{"line":194,"column":8},"end":{"line":194,"column":8}},{"start":{"line":194,"column":8},"end":{"line":194,"column":8}}]},"37":{"line":194,"type":"binary-expr","locations":[{"start":{"line":194,"column":12},"end":{"line":194,"column":27}},{"start":{"line":194,"column":31},"end":{"line":194,"column":39}},{"start":{"line":194,"column":43},"end":{"line":194,"column":62}}]},"38":{"line":200,"type":"if","locations":[{"start":{"line":200,"column":6},"end":{"line":200,"column":6}},{"start":{"line":200,"column":6},"end":{"line":200,"column":6}}]},"39":{"line":206,"type":"if","locations":[{"start":{"line":206,"column":6},"end":{"line":206,"column":6}},{"start":{"line":206,"column":6},"end":{"line":206,"column":6}}]},"40":{"line":209,"type":"cond-expr","locations":[{"start":{"line":209,"column":51},"end":{"line":209,"column":70}},{"start":{"line":209,"column":73},"end":{"line":209,"column":77}}]},"41":{"line":212,"type":"if","locations":[{"start":{"line":212,"column":6},"end":{"line":212,"column":6}},{"start":{"line":212,"column":6},"end":{"line":212,"column":6}}]},"42":{"line":212,"type":"binary-expr","locations":[{"start":{"line":212,"column":11},"end":{"line":212,"column":27}},{"start":{"line":212,"column":33},"end":{"line":212,"column":48}}]},"43":{"line":220,"type":"if","locations":[{"start":{"line":220,"column":8},"end":{"line":220,"column":8}},{"start":{"line":220,"column":8},"end":{"line":220,"column":8}}]},"44":{"line":226,"type":"if","locations":[{"start":{"line":226,"column":6},"end":{"line":226,"column":6}},{"start":{"line":226,"column":6},"end":{"line":226,"column":6}}]},"45":{"line":233,"type":"if","locations":[{"start":{"line":233,"column":6},"end":{"line":233,"column":6}},{"start":{"line":233,"column":6},"end":{"line":233,"column":6}}]},"46":{"line":235,"type":"if","locations":[{"start":{"line":235,"column":8},"end":{"line":235,"column":8}},{"start":{"line":235,"column":8},"end":{"line":235,"column":8}}]},"47":{"line":243,"type":"if","locations":[{"start":{"line":243,"column":6},"end":{"line":243,"column":6}},{"start":{"line":243,"column":6},"end":{"line":243,"column":6}}]},"48":{"line":249,"type":"if","locations":[{"start":{"line":249,"column":6},"end":{"line":249,"column":6}},{"start":{"line":249,"column":6},"end":{"line":249,"column":6}}]},"49":{"line":255,"type":"if","locations":[{"start":{"line":255,"column":6},"end":{"line":255,"column":6}},{"start":{"line":255,"column":6},"end":{"line":255,"column":6}}]},"50":{"line":260,"type":"if","locations":[{"start":{"line":260,"column":6},"end":{"line":260,"column":6}},{"start":{"line":260,"column":6},"end":{"line":260,"column":6}}]},"51":{"line":260,"type":"binary-expr","locations":[{"start":{"line":260,"column":10},"end":{"line":260,"column":33}},{"start":{"line":260,"column":37},"end":{"line":260,"column":67}}]},"52":{"line":267,"type":"if","locations":[{"start":{"line":267,"column":6},"end":{"line":267,"column":6}},{"start":{"line":267,"column":6},"end":{"line":267,"column":6}}]},"53":{"line":281,"type":"if","locations":[{"start":{"line":281,"column":4},"end":{"line":281,"column":4}},{"start":{"line":281,"column":4},"end":{"line":281,"column":4}}]},"54":{"line":298,"type":"if","locations":[{"start":{"line":298,"column":4},"end":{"line":298,"column":4}},{"start":{"line":298,"column":4},"end":{"line":298,"column":4}}]},"55":{"line":300,"type":"if","locations":[{"start":{"line":300,"column":6},"end":{"line":300,"column":6}},{"start":{"line":300,"column":6},"end":{"line":300,"column":6}}]},"56":{"line":309,"type":"if","locations":[{"start":{"line":309,"column":4},"end":{"line":309,"column":4}},{"start":{"line":309,"column":4},"end":{"line":309,"column":4}}]},"57":{"line":313,"type":"binary-expr","locations":[{"start":{"line":313,"column":11},"end":{"line":313,"column":34}},{"start":{"line":313,"column":38},"end":{"line":313,"column":83}}]},"58":{"line":317,"type":"if","locations":[{"start":{"line":317,"column":4},"end":{"line":317,"column":4}},{"start":{"line":317,"column":4},"end":{"line":317,"column":4}}]},"59":{"line":353,"type":"cond-expr","locations":[{"start":{"line":353,"column":34},"end":{"line":353,"column":38}},{"start":{"line":353,"column":41},"end":{"line":353,"column":46}}]},"60":{"line":354,"type":"binary-expr","locations":[{"start":{"line":354,"column":15},"end":{"line":354,"column":25}},{"start":{"line":354,"column":29},"end":{"line":354,"column":31}}]},"61":{"line":358,"type":"if","locations":[{"start":{"line":358,"column":4},"end":{"line":358,"column":4}},{"start":{"line":358,"column":4},"end":{"line":358,"column":4}}]}},"code":["var htmlparser = require('htmlparser2');","var extend = require('xtend');","var quoteRegexp = require('regexp-quote');","","function each(obj, cb) {","  if (obj) Object.keys(obj).forEach(function (key) {","    cb(obj[key], key);","  });","}","","// Avoid false positives with .__proto__, .hasOwnProperty, etc.","function has(obj, key) {","  return ({}).hasOwnProperty.call(obj, key);","}","","module.exports = sanitizeHtml;","","// Ignore the _recursing flag; it's there for recursive","// invocation as a guard against this exploit:","// https://github.com/fb55/htmlparser2/issues/105","","function sanitizeHtml(html, options, _recursing) {","  var result = '';","","  function Frame(tag, attribs) {","    var that = this;","    this.tag = tag;","    this.attribs = attribs || {};","    this.tagPosition = result.length;","    this.text = ''; // Node inner text","","    this.updateParentNodeText = function() {","      if (stack.length) {","          var parentFrame = stack[stack.length - 1];","          parentFrame.text += that.text;","      }","    };","  }","","  if (!options) {","    options = sanitizeHtml.defaults;","    options.parser = htmlParserDefaults;","  } else {","    options = extend(sanitizeHtml.defaults, options);","    if (options.parser) {","      options.parser = extend(htmlParserDefaults, options.parser);","    } else {","      options.parser = htmlParserDefaults;","    }","  }","","  // Tags that contain something other than HTML, or where discarding","  // the text when the tag is disallowed makes sense for other reasons.","  // If we are not allowing these tags, we should drop their content too.","  // For other tags you would drop the tag but keep its content.","  var nonTextTagsArray = options.nonTextTags || [ 'script', 'style', 'textarea' ];","  var allowedAttributesMap;","  var allowedAttributesGlobMap;","  if(options.allowedAttributes) {","    allowedAttributesMap = {};","    allowedAttributesGlobMap = {};","    each(options.allowedAttributes, function(attributes, tag) {","      allowedAttributesMap[tag] = [];","      var globRegex = [];","      attributes.forEach(function(name) {","        if(name.indexOf('*') >= 0) {","          globRegex.push(quoteRegexp(name).replace(/\\\\\\*/g, '.*'));","        } else {","          allowedAttributesMap[tag].push(name);","        }","      });","      allowedAttributesGlobMap[tag] = new RegExp('^(' + globRegex.join('|') + ')$');","    });","  }","  var allowedClassesMap = {};","  each(options.allowedClasses, function(classes, tag) {","    // Implicitly allows the class attribute","    if(allowedAttributesMap) {","      if (!has(allowedAttributesMap, tag)) {","        allowedAttributesMap[tag] = [];","      }","      allowedAttributesMap[tag].push('class');","    }","","    allowedClassesMap[tag] = classes;","  });","","  var transformTagsMap = {};","  var transformTagsAll;","  each(options.transformTags, function(transform, tag) {","    var transFun;","    if (typeof transform === 'function') {","      transFun = transform;","    } else if (typeof transform === \"string\") {","      transFun = sanitizeHtml.simpleTransform(transform);","    }","    if (tag === '*') {","      transformTagsAll = transFun;","    } else {","      transformTagsMap[tag] = transFun;","    }","  });","","  var depth = 0;","  var stack = [];","  var skipMap = {};","  var transformMap = {};","  var skipText = false;","  var skipTextDepth = 0;","","  var parser = new htmlparser.Parser({","    onopentag: function(name, attribs) {","      if (skipText) {","        skipTextDepth++;","        return;","      }","      var frame = new Frame(name, attribs);","      stack.push(frame);","","      var skip = false;","      var hasText = frame.text ? true : false;","      var transformedTag;","      if (has(transformTagsMap, name)) {","        transformedTag = transformTagsMap[name](name, attribs);","","        frame.attribs = attribs = transformedTag.attribs;","","        if (transformedTag.text !== undefined) {","          frame.innerText = transformedTag.text;","        }","","        if (name !== transformedTag.tagName) {","          frame.name = name = transformedTag.tagName;","          transformMap[depth] = transformedTag.tagName;","        }","      }","      if (transformTagsAll) {","        transformedTag = transformTagsAll(name, attribs);","","        frame.attribs = attribs = transformedTag.attribs;","        if (name !== transformedTag.tagName) {","          frame.name = name = transformedTag.tagName;","          transformMap[depth] = transformedTag.tagName;","        }","      }","","      if (options.allowedTags && options.allowedTags.indexOf(name) === -1) {","        skip = true;","        if (nonTextTagsArray.indexOf(name) !== -1) {","          skipText = true;","          skipTextDepth = 1;","        }","        skipMap[depth] = true;","      }","      depth++;","      if (skip) {","        // We want the contents but not this tag","        return;","      }","      result += '<' + name;","      if (!allowedAttributesMap || has(allowedAttributesMap, name) || allowedAttributesMap['*']) {","        each(attribs, function(value, a) {","          if (!allowedAttributesMap ||","              (has(allowedAttributesMap, name) && allowedAttributesMap[name].indexOf(a) !== -1 ) ||","              (allowedAttributesMap['*'] && allowedAttributesMap['*'].indexOf(a) !== -1 ) ||","              (has(allowedAttributesGlobMap, name) && allowedAttributesGlobMap[name].test(a)) ||","              (allowedAttributesGlobMap['*'] && allowedAttributesGlobMap['*'].test(a))) {","            if ((a === 'href') || (a === 'src')) {","              if (naughtyHref(name, value)) {","                delete frame.attribs[a];","                return;","              }","            }","            if (a === 'class') {","              value = filterClasses(value, allowedClassesMap[name]);","              if (!value.length) {","                delete frame.attribs[a];","                return;","              }","            }","            result += ' ' + a;","            if (value.length) {","              result += '=\"' + escapeHtml(value) + '\"';","            }","          } else {","            delete frame.attribs[a];","          }","        });","      }","      if (options.selfClosing.indexOf(name) !== -1) {","        result += \" />\";","      } else {","        result += \">\";","        if (frame.innerText && !hasText && !options.textFilter) {","          result += frame.innerText;","        }","      }","    },","    ontext: function(text) {","      if (skipText) {","        return;","      }","      var lastFrame = stack[stack.length-1];","      var tag;","","      if (lastFrame) {","        tag = lastFrame.tag;","        // If inner text was set by transform function then let's use it","        text = lastFrame.innerText !== undefined ? lastFrame.innerText : text;","      }","","      if ((tag === 'script') || (tag === 'style')) {","        // htmlparser2 gives us these as-is. Escaping them ruins the content. Allowing","        // script tags is, by definition, game over for XSS protection, so if that's","        // your concern, don't allow them. The same is essentially true for style tags","        // which have their own collection of XSS vectors.","        result += text;","      } else {","        var escaped = escapeHtml(text);","        if (options.textFilter) {","          result += options.textFilter(escaped);","        } else {","          result += escaped;","        }","      }","      if (stack.length) {","           var frame = stack[stack.length - 1];","           frame.text += text;","      }","    },","    onclosetag: function(name) {","","      if (skipText) {","        skipTextDepth--;","        if (!skipTextDepth) {","          skipText = false;","        } else {","          return;","        }","      }","","      var frame = stack.pop();","      if (!frame) {","        // Do not crash on bad markup","        return;","      }","      skipText = false;","      depth--;","      if (skipMap[depth]) {","        delete skipMap[depth];","        frame.updateParentNodeText();","        return;","      }","","      if (transformMap[depth]) {","        name = transformMap[depth];","        delete transformMap[depth];","      }","","      if (options.exclusiveFilter && options.exclusiveFilter(frame)) {","         result = result.substr(0, frame.tagPosition);","         return;","      }","","      frame.updateParentNodeText();","","      if (options.selfClosing.indexOf(name) !== -1) {","         // Already output />","         return;","      }","","      result += \"</\" + name + \">\";","    }","  }, options.parser);","  parser.write(html);","  parser.end();","","  return result;","","  function escapeHtml(s) {","    if (typeof(s) !== 'string') {","      s = s + '';","    }","    return s.replace(/\\&/g, '&amp;').replace(/</g, '&lt;').replace(/\\>/g, '&gt;').replace(/\\\"/g, '&quot;');","  }","","  function naughtyHref(name, href) {","    // Browsers ignore character codes of 32 (space) and below in a surprising","    // number of situations. Start reading here:","    // https://www.owasp.org/index.php/XSS_Filter_Evasion_Cheat_Sheet#Embedded_tab","    href = href.replace(/[\\x00-\\x20]+/g, '');","    // Clobber any comments in URLs, which the browser might","    // interpret inside an XML data island, allowing","    // a javascript: URL to be snuck through","    href = href.replace(/<\\!\\-\\-.*?\\-\\-\\>/g, '');","    // Case insensitive so we don't get faked out by JAVASCRIPT #1","    var matches = href.match(/^([a-zA-Z]+)\\:/);","    if (!matches) {","      // Protocol-relative URL: \"//some.evil.com/nasty\"","      if (href.match(/^\\/\\//)) {","        return !options.allowProtocolRelative;","      }","","      // No scheme","      return false;","    }","    var scheme = matches[1].toLowerCase();","","    if (has(options.allowedSchemesByTag, name)) {","      return options.allowedSchemesByTag[name].indexOf(scheme) === -1;","    }","","    return !options.allowedSchemes || options.allowedSchemes.indexOf(scheme) === -1;","  }","","  function filterClasses(classes, allowed) {","    if (!allowed) {","      // The class attribute is allowed without filtering on this tag","      return classes;","    }","    classes = classes.split(/\\s+/);","    return classes.filter(function(clss) {","      return allowed.indexOf(clss) !== -1;","    }).join(' ');","  }","}","","// Defaults are accessible to you so that you can use them as a starting point","// programmatically if you wish","","var htmlParserDefaults = {","  decodeEntities: true","};","sanitizeHtml.defaults = {","  allowedTags: [ 'h3', 'h4', 'h5', 'h6', 'blockquote', 'p', 'a', 'ul', 'ol',","    'nl', 'li', 'b', 'i', 'strong', 'em', 'strike', 'code', 'hr', 'br', 'div',","    'table', 'thead', 'caption', 'tbody', 'tr', 'th', 'td', 'pre' ],","  allowedAttributes: {","    a: [ 'href', 'name', 'target' ],","    // We don't currently allow img itself by default, but this","    // would make sense if we did","    img: [ 'src' ]","  },","  // Lots of these won't come up by default because we don't allow them","  selfClosing: [ 'img', 'br', 'hr', 'area', 'base', 'basefont', 'input', 'link', 'meta' ],","  // URL schemes we permit","  allowedSchemes: [ 'http', 'https', 'ftp', 'mailto' ],","  allowedSchemesByTag: {},","  allowProtocolRelative: true","};","","sanitizeHtml.simpleTransform = function(newTagName, newAttribs, merge) {","  merge = (merge === undefined) ? true : merge;","  newAttribs = newAttribs || {};","","  return function(tagName, attribs) {","    var attrib;","    if (merge) {","      for (attrib in newAttribs) {","        attribs[attrib] = newAttribs[attrib];","      }","    } else {","      attribs = newAttribs;","    }","","    return {","      tagName: newTagName,","      attribs: attribs","    };","  };","};",""],"l":{"1":1,"2":1,"3":1,"5":1,"6":0,"7":0,"12":1,"13":0,"16":1,"22":1,"23":0,"25":1,"26":0,"27":0,"28":0,"29":0,"30":0,"32":0,"33":0,"34":0,"35":0,"40":0,"41":0,"42":0,"44":0,"45":0,"46":0,"48":0,"56":0,"57":0,"58":0,"59":0,"60":0,"61":0,"62":0,"63":0,"64":0,"65":0,"66":0,"67":0,"69":0,"72":0,"75":0,"76":0,"78":0,"79":0,"80":0,"82":0,"85":0,"88":0,"89":0,"90":0,"91":0,"92":0,"93":0,"94":0,"95":0,"97":0,"98":0,"100":0,"104":0,"105":0,"106":0,"107":0,"108":0,"109":0,"111":0,"113":0,"114":0,"115":0,"117":0,"118":0,"120":0,"121":0,"122":0,"123":0,"124":0,"126":0,"128":0,"129":0,"132":0,"133":0,"134":0,"137":0,"138":0,"140":0,"141":0,"142":0,"143":0,"147":0,"148":0,"149":0,"150":0,"151":0,"153":0,"155":0,"156":0,"158":0,"160":0,"161":0,"162":0,"163":0,"168":0,"169":0,"170":0,"171":0,"174":0,"175":0,"176":0,"177":0,"178":0,"181":0,"182":0,"183":0,"186":0,"190":0,"191":0,"193":0,"194":0,"195":0,"200":0,"201":0,"203":0,"204":0,"206":0,"207":0,"209":0,"212":0,"217":0,"219":0,"220":0,"221":0,"223":0,"226":0,"227":0,"228":0,"233":0,"234":0,"235":0,"236":0,"238":0,"242":0,"243":0,"245":0,"247":0,"248":0,"249":0,"250":0,"251":0,"252":0,"255":0,"256":0,"257":0,"260":0,"261":0,"262":0,"265":0,"267":0,"269":0,"272":0,"275":0,"276":0,"278":0,"280":1,"281":0,"282":0,"284":0,"287":1,"291":0,"295":0,"297":0,"298":0,"300":0,"301":0,"305":0,"307":0,"309":0,"310":0,"313":0,"316":1,"317":0,"319":0,"321":0,"322":0,"323":0,"331":1,"334":1,"352":1,"353":0,"354":0,"356":0,"357":0,"358":0,"359":0,"360":0,"363":0,"366":0}}}